<?xml version="1.0" encoding="UTF-8"?>
<!-- Generated by org.testng.reporters.JUnitReportReporter -->
<testsuite hostname="Revathi_World" failures="0" tests="11" name="tests.LoginTest" time="39.860" errors="0" timestamp="2025-09-07T16:26:59 IST" skipped="0">
  <testcase classname="tests.LoginTest" name="verifyCorrectUrlOpened" time="0.034"/>
  <testcase classname="tests.LoginTest" name="verifyProductAddAndQuantity" time="10.436"/>
  <testcase classname="tests.LoginTest" name="verifyAddiPhone12Pro" time="5.152"/>
  <testcase classname="tests.LoginTest" name="verifyCartClosedAndOrdersVisible" time="2.153"/>
  <testcase classname="tests.LoginTest" name="verifyLogin" time="5.013"/>
  <testcase classname="tests.LoginTest" name="verifyCheckout" time="3.151"/>
  <testcase classname="tests.LoginTest" name="verifyAddressPositive" time="3.824"/>
  <testcase classname="tests.LoginTest" name="verifyReceiptAndContinue" time="3.307"/>
  <testcase classname="tests.LoginTest" name="seeorder" time="3.163"/>
  <testcase classname="tests.LoginTest" name="verifyAddToFavourites" time="0.459"/>
  <testcase classname="tests.LoginTest" name="verifyLogout" time="3.168"/>
</testsuite> <!-- tests.LoginTest -->
