<?xml version="1.0" encoding="UTF-8"?>
<!-- Generated by org.testng.reporters.JUnitReportReporter -->
<testsuite hostname="Revathi_World" failures="0" tests="4" name="runners.TestRunner" time="71.455" errors="0" timestamp="2025-09-07T16:32:33 IST" skipped="0">
  <testcase classname="runners.TestRunner" name="runScenario" time="23.335"/>
  <testcase classname="runners.TestRunner" name="runScenario" time="13.229"/>
  <testcase classname="runners.TestRunner" name="runScenario" time="18.677"/>
  <testcase classname="runners.TestRunner" name="runScenario" time="16.214"/>
</testsuite> <!-- runners.TestRunner -->
